\BOOKMARK [1][-]{section.0}{\376\377\213\364\146\016}{}% 1
\BOOKMARK [1][-]{section.1}{\376\377\220\006\167\351\226\065}{}% 2
\BOOKMARK [2][-]{subsection.1.1}{\376\377\127\372\170\100\116\140\230\230}{section.1}% 3
\BOOKMARK [3][-]{subsubsection.1.1.1}{\376\377\116\140\230\230\000\040\0001}{subsection.1.1}% 4
\BOOKMARK [3][-]{subsubsection.1.1.2}{\376\377\116\140\230\230\000\040\0002}{subsection.1.1}% 5
\BOOKMARK [3][-]{subsubsection.1.1.3}{\376\377\116\140\230\230\000\040\0003}{subsection.1.1}% 6
\BOOKMARK [3][-]{subsubsection.1.1.4}{\376\377\116\140\230\230\000\040\0004}{subsection.1.1}% 7
\BOOKMARK [3][-]{subsubsection.1.1.5}{\376\377\116\140\230\230\000\040\0005}{subsection.1.1}% 8
\BOOKMARK [3][-]{subsubsection.1.1.6}{\376\377\225\356\230\230\000\040\0006}{subsection.1.1}% 9
\BOOKMARK [3][-]{subsubsection.1.1.7}{\376\377\116\140\230\230\000\040\0007}{subsection.1.1}% 10
\BOOKMARK [2][-]{subsection.1.2}{\376\377\126\360\226\276\116\140\230\230}{section.1}% 11
\BOOKMARK [3][-]{subsubsection.1.2.1}{\376\377\116\140\230\230\000\040\0008}{subsection.1.2}% 12
\BOOKMARK [1][-]{section.2}{\376\377\176\277\140\047\172\172\225\364}{}% 13
\BOOKMARK [2][-]{subsection.2.1}{\376\377\220\032\217\307\000S\000a\000g\000e\213\241\173\227\000L\000U\122\006\211\343}{section.2}% 14
\BOOKMARK [3][-]{subsubsection.2.1.1}{\376\377\116\140\230\230\000\040\0001}{subsection.2.1}% 15
\BOOKMARK [2][-]{subsection.2.2}{\376\377\176\277\140\047\172\172\225\364\000,\127\372\166\204\213\301\146\016\230\230}{section.2}% 16
\BOOKMARK [3][-]{subsubsection.2.2.1}{\376\377\116\140\230\230\000\040\0002}{subsection.2.2}% 17
\BOOKMARK [3][-]{subsubsection.2.2.2}{\376\377\116\140\230\230\000\040\0004}{subsection.2.2}% 18
\BOOKMARK [3][-]{subsubsection.2.2.3}{\376\377\116\140\230\230\000\040\0008}{subsection.2.2}% 19
\BOOKMARK [2][-]{subsection.2.3}{\376\377\000\050\000s\000p\000a\000n\000:\133\120\226\306\133\120\172\172\225\364\000\051\000\050\000d\000i\000m\000:\133\120\172\172\225\364\000N\000\051\116\016\000\050\000r\000a\000n\000k\000=\000d\000i\000m\000s\000p\000a\000n\000\051}{section.2}% 20
\BOOKMARK [3][-]{subsubsection.2.3.1}{\376\377\116\140\230\230\000\040\0001\0006}{subsection.2.3}% 21
