\BOOKMARK [1][-]{section.0}{\376\377\213\364\146\016}{}% 1
\BOOKMARK [1][-]{section*.2}{\376\377\133\371\171\360\167\351\226\065}{}% 2
\BOOKMARK [2][-]{subsection.0.1}{\376\377\116\140\230\230\0001}{section*.2}% 3
\BOOKMARK [2][-]{subsection.0.2}{\376\377\116\140\230\230\0002}{section*.2}% 4
\BOOKMARK [2][-]{subsection.0.3}{\376\377\116\140\230\230\0003}{section*.2}% 5
\BOOKMARK [2][-]{subsection.0.4}{\376\377\116\140\230\230\0004}{section*.2}% 6
\BOOKMARK [2][-]{subsection.0.5}{\376\377\116\140\230\230\0005}{section*.2}% 7
\BOOKMARK [2][-]{subsection.0.6}{\376\377\116\140\230\230\0006}{section*.2}% 8
\BOOKMARK [1][-]{section.1}{\376\377\116\023\230\230\000:\166\370\142\265\150\007\121\306\127\213\000\050\116\305\116\305\123\352\120\132\116\206\000P\000r\000o\000b\000l\000e\000m\000\040\0001\000\051}{}% 9
\BOOKMARK [2][-]{subsection.1.1}{\376\377\000P\000r\000o\000b\000l\000e\000m\000\040\0001}{section.1}% 10
\BOOKMARK [2][-]{subsection.1.2}{\376\377\000P\000r\000o\000b\000l\000e\000m\000\040\0002\000\050\154\241\120\132\000\051}{section.1}% 11
\BOOKMARK [2][-]{subsection.1.3}{\376\377\000P\000r\000o\000b\000l\000e\000m\000\040\0003\000\050\154\241\120\132\000\051}{section.1}% 12
\BOOKMARK [1][-]{section.2}{\376\377\116\140\230\230\000:\167\351\226\065\166\204\171\351}{}% 13
\BOOKMARK [2][-]{subsection.2.1}{\376\377\210\114\156\341\171\351\000,\122\027\156\341\134\004}{section.2}% 14
\BOOKMARK [2][-]{subsection.2.2}{\376\377\136\070\165\050\142\200\135\347\000:\133\214\121\150\136\163\145\271}{section.2}% 15
\BOOKMARK [3][-]{subsubsection.2.2.1}{\376\377\116\140\230\230\0002}{subsection.2.2}% 16
\BOOKMARK [2][-]{subsection.2.3}{\376\377\171\351\116\015\173\111\137\017}{section.2}% 17
\BOOKMARK [2][-]{subsection.2.4}{\376\377\000S\000c\000h\000u\000r\210\145\123\312\121\166\143\250\136\177}{section.2}% 18
\BOOKMARK [3][-]{subsubsection.2.4.1}{\376\377\116\140\230\230\0007}{subsection.2.4}% 19
\BOOKMARK [2][-]{subsection.2.5}{\376\377\122\035\173\111\123\330\143\142\116\016\171\351}{section.2}% 20
\BOOKMARK [3][-]{subsubsection.2.5.1}{\376\377\116\140\230\230\0009}{subsection.2.5}% 21
\BOOKMARK [3][-]{subsubsection.2.5.2}{\376\377\116\140\230\230\0001\0000}{subsection.2.5}% 22
